[20:31:23] [ServerMain/INFO]: Environment: Environment[sessionHost=https://sessionserver.mojang.com, servicesHost=https://api.minecraftservices.com, profilesHost=https://api.mojang.com, name=PROD]
[20:31:25] [ServerMain/INFO]: Loaded 1515 recipes
[20:31:25] [ServerMain/INFO]: Loaded 1617 advancements
[20:31:26] [Server thread/INFO]: Starting minecraft server version 26.1.2
[20:31:26] [Server thread/INFO]: Loading properties
[20:31:26] [Server thread/INFO]: Default game type: SURVIVAL
[20:31:26] [Server thread/INFO]: Generating keypair
[20:31:26] [Server thread/INFO]: Starting Minecraft server on *:25565
[20:31:26] [Server thread/WARN]: **** SERVER IS RUNNING IN OFFLINE/INSECURE MODE!
[20:31:26] [Server thread/WARN]: The server will make no attempt to authenticate usernames. Beware.
[20:31:26] [Server thread/WARN]: While this makes the game possible to play without internet access, it also opens up the ability for hackers to connect with any username they choose.
[20:31:26] [Server thread/WARN]: To change this, set "online-mode" to "true" in the server.properties file.
[20:31:26] [Server thread/INFO]: Preparing level "world"
[20:31:26] [Server thread/INFO]: Loading 0 persistent chunks...
[20:31:26] [Server thread/INFO]: Preparing spawn area: 100%
[20:31:26] [Server thread/INFO]: Time elapsed: 14 ms
[20:31:26] [Server thread/INFO]: Done (0.440s)! For help, type "help"
[20:31:26] [Server thread/INFO]: Saving chunks for level 'ServerLevel[world]'/minecraft:overworld
[20:31:26] [Server thread/INFO]: Saving chunks for level 'ServerLevel[world]'/minecraft:the_end
[20:31:26] [Server thread/INFO]: Saving chunks for level 'ServerLevel[world]'/minecraft:the_nether
[20:31:26] [Server thread/INFO]: ThreadedAnvilChunkStorage (world): All chunks are saved
[20:31:26] [Server thread/INFO]: ThreadedAnvilChunkStorage (DIM1): All chunks are saved
[20:31:26] [Server thread/INFO]: ThreadedAnvilChunkStorage (DIM-1): All chunks are saved
[20:31:26] [Server thread/INFO]: ThreadedAnvilChunkStorage: All dimensions are saved
[20:31:34] [Server thread/INFO]: Unknown or incomplete command. See below for error
[20:31:34] [Server thread/INFO]: <--[HERE]
[20:31:36] [Server thread/INFO]: Unknown or incomplete command. See below for error
[20:31:36] [Server thread/INFO]: <--[HERE]
[20:31:37] [Server thread/INFO]: Unknown or incomplete command. See below for error
[20:31:37] [Server thread/INFO]: <--[HERE]
[20:31:37] [Server thread/INFO]: Unknown or incomplete command. See below for error
[20:31:37] [Server thread/INFO]: <--[HERE]
[20:31:40] [Server thread/INFO]: Unknown or incomplete command. See below for error
[20:31:40] [Server thread/INFO]: 2<--[HERE]
[20:31:41] [Server thread/INFO]: Unknown or incomplete command. See below for error
[20:31:41] [Server thread/INFO]: <--[HERE]
[20:31:41] [Server thread/INFO]: Unknown or incomplete command. See below for error
[20:31:41] [Server thread/INFO]: <--[HERE]
[20:31:41] [Server thread/INFO]: Unknown or incomplete command. See below for error
[20:31:41] [Server thread/INFO]: <--[HERE]
[20:32:26] [Server thread/INFO]: Server empty for 60 seconds, pausing
[20:36:11] [Server thread/INFO]: nico14592[/127.215.90.84:35057] logged in with entity id 17 at (-3.5, 83.0, -0.5)
[20:36:11] [Server thread/INFO]: nico14592 joined the game
[20:36:18] [Server thread/INFO]: nico14592 lost connection: Disconnected
[20:36:18] [Server thread/INFO]: nico14592 left the game
